[2023-01-23 11:41:47:2492][main] INFO  com.devideds.DevidedApplication - Starting DevidedApplication using Java 11.0.14 on DESKTOP-135PU8T with PID 21772 (C:\Users\decob\IdeaProjects\devided\build\classes\java\main started by decob in C:\Users\decob\IdeaProjects\devided)
[2023-01-23 11:41:47:2502][main] INFO  com.devideds.DevidedApplication - No active profile set, falling back to default profiles: default
[2023-01-23 11:41:49:4705][main] INFO  o.s.d.r.c.RepositoryConfigurationDelegate - Multiple Spring Data modules found, entering strict repository configuration mode!
[2023-01-23 11:41:49:4706][main] INFO  o.s.d.r.c.RepositoryConfigurationDelegate - Bootstrapping Spring Data JPA repositories in DEFAULT mode.
[2023-01-23 11:41:50:4999][main] INFO  o.s.d.r.c.RepositoryConfigurationDelegate - Finished Spring Data repository scanning in 271 ms. Found 3 JPA repository interfaces.
[2023-01-23 11:41:50:5031][main] INFO  o.s.d.r.c.RepositoryConfigurationDelegate - Multiple Spring Data modules found, entering strict repository configuration mode!
[2023-01-23 11:41:50:5033][main] INFO  o.s.d.r.c.RepositoryConfigurationDelegate - Bootstrapping Spring Data Redis repositories in DEFAULT mode.
[2023-01-23 11:41:50:5092][main] INFO  o.s.d.r.c.RepositoryConfigurationExtensionSupport - Spring Data Redis - Could not safely identify store assignment for repository candidate interface com.devideds.persist.CompanyRespository. If you want this repository to be a Redis repository, consider annotating your entities with one of these annotations: org.springframework.data.redis.core.RedisHash (preferred), or consider extending one of the following types with your repository: org.springframework.data.keyvalue.repository.KeyValueRepository.
[2023-01-23 11:41:50:5095][main] INFO  o.s.d.r.c.RepositoryConfigurationExtensionSupport - Spring Data Redis - Could not safely identify store assignment for repository candidate interface com.devideds.persist.DividendRepository. If you want this repository to be a Redis repository, consider annotating your entities with one of these annotations: org.springframework.data.redis.core.RedisHash (preferred), or consider extending one of the following types with your repository: org.springframework.data.keyvalue.repository.KeyValueRepository.
[2023-01-23 11:41:50:5097][main] INFO  o.s.d.r.c.RepositoryConfigurationExtensionSupport - Spring Data Redis - Could not safely identify store assignment for repository candidate interface com.devideds.persist.MemberRepository. If you want this repository to be a Redis repository, consider annotating your entities with one of these annotations: org.springframework.data.redis.core.RedisHash (preferred), or consider extending one of the following types with your repository: org.springframework.data.keyvalue.repository.KeyValueRepository.
[2023-01-23 11:41:50:5097][main] INFO  o.s.d.r.c.RepositoryConfigurationDelegate - Finished Spring Data repository scanning in 44 ms. Found 0 Redis repository interfaces.
[2023-01-23 11:41:51:5956][main] INFO  o.s.c.s.PostProcessorRegistrationDelegate$BeanPostProcessorChecker - Bean 'org.springframework.security.access.expression.method.DefaultMethodSecurityExpressionHandler@6dc1dc69' of type [org.springframework.security.access.expression.method.DefaultMethodSecurityExpressionHandler] is not eligible for getting processed by all BeanPostProcessors (for example: not eligible for auto-proxying)
[2023-01-23 11:41:51:5967][main] INFO  o.s.c.s.PostProcessorRegistrationDelegate$BeanPostProcessorChecker - Bean 'methodSecurityMetadataSource' of type [org.springframework.security.access.method.DelegatingMethodSecurityMetadataSource] is not eligible for getting processed by all BeanPostProcessors (for example: not eligible for auto-proxying)
[2023-01-23 11:41:52:6749][main] INFO  o.s.b.w.e.tomcat.TomcatWebServer - Tomcat initialized with port(s): 8080 (http)
[2023-01-23 11:41:52:6771][main] INFO  o.a.coyote.http11.Http11NioProtocol - Initializing ProtocolHandler ["http-nio-8080"]
[2023-01-23 11:41:52:6772][main] INFO  o.a.catalina.core.StandardService - Starting service [Tomcat]
[2023-01-23 11:41:52:6773][main] INFO  o.a.catalina.core.StandardEngine - Starting Servlet engine: [Apache Tomcat/9.0.54]
[2023-01-23 11:41:52:7225][main] INFO  o.a.c.c.C.[Tomcat].[localhost].[/] - Initializing Spring embedded WebApplicationContext
[2023-01-23 11:41:52:7225][main] INFO  o.s.b.w.s.c.ServletWebServerApplicationContext - Root WebApplicationContext: initialization completed in 4588 ms
[2023-01-23 11:41:52:7314][main] INFO  com.zaxxer.hikari.HikariDataSource - HikariPool-1 - Starting...
[2023-01-23 11:41:52:7612][main] INFO  com.zaxxer.hikari.HikariDataSource - HikariPool-1 - Start completed.
[2023-01-23 11:41:52:7624][main] INFO  o.s.b.a.h.H2ConsoleAutoConfiguration - H2 console available at '/h2-console'. Database available at 'jdbc:h2:mem:dayone'
[2023-01-23 11:41:53:8084][main] INFO  o.h.jpa.internal.util.LogHelper - HHH000204: Processing PersistenceUnitInfo [name: default]
[2023-01-23 11:41:53:8275][main] INFO  org.hibernate.Version - HHH000412: Hibernate ORM core version 5.4.32.Final
[2023-01-23 11:41:54:8757][main] INFO  o.h.annotations.common.Version - HCANN000001: Hibernate Commons Annotations {5.1.2.Final}
[2023-01-23 11:41:54:9131][main] INFO  org.hibernate.dialect.Dialect - HHH000400: Using dialect: org.hibernate.dialect.H2Dialect
[2023-01-23 11:41:56:11121][main] INFO  o.h.e.t.j.p.i.JtaPlatformInitiator - HHH000490: Using JtaPlatform implementation: [org.hibernate.engine.transaction.jta.platform.internal.NoJtaPlatform]
[2023-01-23 11:41:56:11161][main] INFO  o.s.o.j.LocalContainerEntityManagerFactoryBean - Initialized JPA EntityManagerFactory for persistence unit 'default'
[2023-01-23 11:41:58:13051][main] WARN  o.s.b.a.o.j.JpaBaseConfiguration$JpaWebConfiguration - spring.jpa.open-in-view is enabled by default. Therefore, database queries may be performed during view rendering. Explicitly configure spring.jpa.open-in-view to disable this warning
[2023-01-23 11:41:58:13369][main] INFO  o.s.s.w.DefaultSecurityFilterChain - Will secure Ant [pattern='/h2-console/**'] with []
[2023-01-23 11:41:58:13471][main] INFO  o.s.s.w.DefaultSecurityFilterChain - Will secure any request with [org.springframework.security.web.context.request.async.WebAsyncManagerIntegrationFilter@2bed5828, org.springframework.security.web.context.SecurityContextPersistenceFilter@b9c9bf5, org.springframework.security.web.header.HeaderWriterFilter@61d527ac, org.springframework.security.web.authentication.logout.LogoutFilter@66e434e8, com.devideds.security.JwtAuthenticationFilter@c0521e5, org.springframework.security.web.savedrequest.RequestCacheAwareFilter@16f2d883, org.springframework.security.web.servletapi.SecurityContextHolderAwareRequestFilter@48a61e38, org.springframework.security.web.authentication.AnonymousAuthenticationFilter@52a2e2fb, org.springframework.security.web.session.SessionManagementFilter@1a56f608, org.springframework.security.web.access.ExceptionTranslationFilter@5c261c74, org.springframework.security.web.access.intercept.FilterSecurityInterceptor@36e358de]
[2023-01-23 11:42:00:14770][main] INFO  o.a.coyote.http11.Http11NioProtocol - Starting ProtocolHandler ["http-nio-8080"]
[2023-01-23 11:42:00:14822][main] INFO  o.s.b.w.e.tomcat.TomcatWebServer - Tomcat started on port(s): 8080 (http) with context path ''
[2023-01-23 11:42:00:14875][main] INFO  com.devideds.DevidedApplication - Started DevidedApplication in 14.329 seconds (JVM running for 17.672)
